0 info it worked if it ends with ok
1 verbose cli [ 'C:\\Program Files (x86)\\nodejs\\\\node.exe',
1 verbose cli   'C:\\Program Files (x86)\\nodejs\\node_modules\\npm\\bin\\npm-cli.js',
1 verbose cli   'install',
1 verbose cli   'httpsync' ]
2 info using npm@1.4.3
3 info using node@v0.10.26
4 verbose node symlink C:\Program Files (x86)\nodejs\\node.exe
5 verbose cache add [ 'httpsync', null ]
6 verbose cache add name=undefined spec="httpsync" args=["httpsync",null]
7 verbose parsed url { protocol: null,
7 verbose parsed url   slashes: null,
7 verbose parsed url   auth: null,
7 verbose parsed url   host: null,
7 verbose parsed url   port: null,
7 verbose parsed url   hostname: null,
7 verbose parsed url   hash: null,
7 verbose parsed url   search: null,
7 verbose parsed url   query: null,
7 verbose parsed url   pathname: 'httpsync',
7 verbose parsed url   path: 'httpsync',
7 verbose parsed url   href: 'httpsync' }
8 silly lockFile ca6a830e-httpsync httpsync
9 verbose lock httpsync C:\Users\utkarsh.goel\AppData\Roaming\npm-cache\ca6a830e-httpsync.lock
10 silly lockFile ca6a830e-httpsync httpsync
11 silly lockFile ca6a830e-httpsync httpsync
12 verbose addNamed [ 'httpsync', '' ]
13 verbose addNamed [ null, '*' ]
14 silly lockFile 202468d7-httpsync httpsync@
15 verbose lock httpsync@ C:\Users\utkarsh.goel\AppData\Roaming\npm-cache\202468d7-httpsync.lock
16 silly addNameRange { name: 'httpsync', range: '*', hasData: false }
17 verbose url raw httpsync
18 verbose url resolving [ 'https://registry.npmjs.org/', './httpsync' ]
19 verbose url resolved https://registry.npmjs.org/httpsync
20 info trying registry request attempt 1 at 19:18:05
21 http GET https://registry.npmjs.org/httpsync
22 http 200 https://registry.npmjs.org/httpsync
23 silly registry.get cb [ 200,
23 silly registry.get   { date: 'Wed, 06 Aug 2014 01:18:08 GMT',
23 silly registry.get     server: 'CouchDB/1.5.0 (Erlang OTP/R16B03)',
23 silly registry.get     etag: '"7HLZ1LACPLMSI08UIBS6BBIMS"',
23 silly registry.get     'content-type': 'application/json',
23 silly registry.get     'cache-control': 'max-age=60',
23 silly registry.get     'content-length': '49826',
23 silly registry.get     'accept-ranges': 'bytes',
23 silly registry.get     via: '1.1 varnish',
23 silly registry.get     age: '6653',
23 silly registry.get     'x-served-by': 'cache-lax1430-LAX',
23 silly registry.get     'x-cache': 'HIT',
23 silly registry.get     'x-cache-hits': '1',
23 silly registry.get     'x-timer': 'S1407287888.868081,VS0,VE0',
23 silly registry.get     vary: 'Accept',
23 silly registry.get     'keep-alive': 'timeout=10, max=50',
23 silly registry.get     connection: 'Keep-Alive' } ]
24 silly addNameRange number 2 { name: 'httpsync', range: '*', hasData: true }
25 silly addNameRange versions [ 'httpsync',
25 silly addNameRange   [ '0.0.1',
25 silly addNameRange     '0.0.2',
25 silly addNameRange     '0.0.3',
25 silly addNameRange     '0.0.4',
25 silly addNameRange     '0.0.5',
25 silly addNameRange     '0.0.6',
25 silly addNameRange     '0.0.7',
25 silly addNameRange     '0.0.8' ] ]
26 verbose addNamed [ 'httpsync', '0.0.8' ]
27 verbose addNamed [ '0.0.8', '0.0.8' ]
28 silly lockFile d0d8c59d-httpsync-0-0-8 httpsync@0.0.8
29 verbose lock httpsync@0.0.8 C:\Users\utkarsh.goel\AppData\Roaming\npm-cache\d0d8c59d-httpsync-0-0-8.lock
30 silly lockFile 553adfde--org-httpsync-httpsync-0-0-8-tgz https://registry.npmjs.org/httpsync/-/httpsync-0.0.8.tgz
31 verbose lock https://registry.npmjs.org/httpsync/-/httpsync-0.0.8.tgz C:\Users\utkarsh.goel\AppData\Roaming\npm-cache\553adfde--org-httpsync-httpsync-0-0-8-tgz.lock
32 verbose addRemoteTarball [ 'https://registry.npmjs.org/httpsync/-/httpsync-0.0.8.tgz',
32 verbose addRemoteTarball   '2dbca214c17fa4f1adc95e102ef62acc0f98de6d' ]
33 info retry fetch attempt 1 at 19:18:06
34 verbose fetch to= C:\Users\UTKARS~1.GOE\AppData\Local\Temp\npm-2692-JX9UutMH\1407287886175-0.11129870568402112\tmp.tgz
35 http GET https://registry.npmjs.org/httpsync/-/httpsync-0.0.8.tgz
36 http 200 https://registry.npmjs.org/httpsync/-/httpsync-0.0.8.tgz
37 verbose tar unpack C:\Users\UTKARS~1.GOE\AppData\Local\Temp\npm-2692-JX9UutMH\1407287886175-0.11129870568402112\tmp.tgz
38 silly lockFile a3220ebb-6175-0-11129870568402112-package tar://C:\Users\UTKARS~1.GOE\AppData\Local\Temp\npm-2692-JX9UutMH\1407287886175-0.11129870568402112\package
39 verbose lock tar://C:\Users\UTKARS~1.GOE\AppData\Local\Temp\npm-2692-JX9UutMH\1407287886175-0.11129870568402112\package C:\Users\utkarsh.goel\AppData\Roaming\npm-cache\a3220ebb-6175-0-11129870568402112-package.lock
40 silly lockFile 6ed0875f-6175-0-11129870568402112-tmp-tgz tar://C:\Users\UTKARS~1.GOE\AppData\Local\Temp\npm-2692-JX9UutMH\1407287886175-0.11129870568402112\tmp.tgz
41 verbose lock tar://C:\Users\UTKARS~1.GOE\AppData\Local\Temp\npm-2692-JX9UutMH\1407287886175-0.11129870568402112\tmp.tgz C:\Users\utkarsh.goel\AppData\Roaming\npm-cache\6ed0875f-6175-0-11129870568402112-tmp-tgz.lock
42 silly gunzTarPerm modes [ '755', '644' ]
43 silly gunzTarPerm extractEntry package.json
44 silly gunzTarPerm extractEntry .npmignore
45 silly gunzTarPerm extractEntry README.md
46 silly gunzTarPerm extractEntry index.js
47 silly gunzTarPerm extractEntry Makefile
48 silly gunzTarPerm extractEntry wscript
49 silly gunzTarPerm extractEntry TODO
50 silly gunzTarPerm extractEntry binding.gyp
51 silly gunzTarPerm extractEntry .travis.yml
52 silly gunzTarPerm extractEntry example/upload_file.js
53 silly gunzTarPerm extractEntry AUTHORS
54 silly gunzTarPerm extractEntry link.sh
55 silly gunzTarPerm extractEntry History.md
56 silly gunzTarPerm extractEntry src/curl.cc
57 silly gunzTarPerm extractEntry src/curl.h
58 silly gunzTarPerm extractEntry src/main.cc
59 silly gunzTarPerm extractEntry src/request.cc
60 silly gunzTarPerm extractEntry test/curl.js
61 silly gunzTarPerm extractEntry test/mocha.opts
62 silly gunzTarPerm extractEntry test/support/echo.js
63 silly gunzTarPerm extractEntry build.sh
64 silly lockFile a3220ebb-6175-0-11129870568402112-package tar://C:\Users\UTKARS~1.GOE\AppData\Local\Temp\npm-2692-JX9UutMH\1407287886175-0.11129870568402112\package
65 silly lockFile a3220ebb-6175-0-11129870568402112-package tar://C:\Users\UTKARS~1.GOE\AppData\Local\Temp\npm-2692-JX9UutMH\1407287886175-0.11129870568402112\package
66 silly lockFile 6ed0875f-6175-0-11129870568402112-tmp-tgz tar://C:\Users\UTKARS~1.GOE\AppData\Local\Temp\npm-2692-JX9UutMH\1407287886175-0.11129870568402112\tmp.tgz
67 silly lockFile 6ed0875f-6175-0-11129870568402112-tmp-tgz tar://C:\Users\UTKARS~1.GOE\AppData\Local\Temp\npm-2692-JX9UutMH\1407287886175-0.11129870568402112\tmp.tgz
68 verbose tar pack [ 'C:\\Users\\utkarsh.goel\\AppData\\Roaming\\npm-cache\\httpsync\\0.0.8\\package.tgz',
68 verbose tar pack   'C:\\Users\\UTKARS~1.GOE\\AppData\\Local\\Temp\\npm-2692-JX9UutMH\\1407287886175-0.11129870568402112\\package' ]
69 verbose tarball C:\Users\utkarsh.goel\AppData\Roaming\npm-cache\httpsync\0.0.8\package.tgz
70 verbose folder C:\Users\UTKARS~1.GOE\AppData\Local\Temp\npm-2692-JX9UutMH\1407287886175-0.11129870568402112\package
71 silly lockFile a3220ebb-6175-0-11129870568402112-package tar://C:\Users\UTKARS~1.GOE\AppData\Local\Temp\npm-2692-JX9UutMH\1407287886175-0.11129870568402112\package
72 verbose lock tar://C:\Users\UTKARS~1.GOE\AppData\Local\Temp\npm-2692-JX9UutMH\1407287886175-0.11129870568402112\package C:\Users\utkarsh.goel\AppData\Roaming\npm-cache\a3220ebb-6175-0-11129870568402112-package.lock
73 silly lockFile 4cd8044a-cache-httpsync-0-0-8-package-tgz tar://C:\Users\utkarsh.goel\AppData\Roaming\npm-cache\httpsync\0.0.8\package.tgz
74 verbose lock tar://C:\Users\utkarsh.goel\AppData\Roaming\npm-cache\httpsync\0.0.8\package.tgz C:\Users\utkarsh.goel\AppData\Roaming\npm-cache\4cd8044a-cache-httpsync-0-0-8-package-tgz.lock
75 silly lockFile a3220ebb-6175-0-11129870568402112-package tar://C:\Users\UTKARS~1.GOE\AppData\Local\Temp\npm-2692-JX9UutMH\1407287886175-0.11129870568402112\package
76 silly lockFile a3220ebb-6175-0-11129870568402112-package tar://C:\Users\UTKARS~1.GOE\AppData\Local\Temp\npm-2692-JX9UutMH\1407287886175-0.11129870568402112\package
77 silly lockFile 4cd8044a-cache-httpsync-0-0-8-package-tgz tar://C:\Users\utkarsh.goel\AppData\Roaming\npm-cache\httpsync\0.0.8\package.tgz
78 silly lockFile 4cd8044a-cache-httpsync-0-0-8-package-tgz tar://C:\Users\utkarsh.goel\AppData\Roaming\npm-cache\httpsync\0.0.8\package.tgz
79 silly lockFile 61b2db0b-npm-cache-httpsync-0-0-8-package C:\Users\utkarsh.goel\AppData\Roaming\npm-cache\httpsync\0.0.8\package
80 verbose lock C:\Users\utkarsh.goel\AppData\Roaming\npm-cache\httpsync\0.0.8\package C:\Users\utkarsh.goel\AppData\Roaming\npm-cache\61b2db0b-npm-cache-httpsync-0-0-8-package.lock
81 silly lockFile 61b2db0b-npm-cache-httpsync-0-0-8-package C:\Users\utkarsh.goel\AppData\Roaming\npm-cache\httpsync\0.0.8\package
82 silly lockFile 61b2db0b-npm-cache-httpsync-0-0-8-package C:\Users\utkarsh.goel\AppData\Roaming\npm-cache\httpsync\0.0.8\package
83 verbose tar unpack C:\Users\utkarsh.goel\AppData\Roaming\npm-cache\httpsync\0.0.8\package.tgz
84 silly lockFile 8239ec5f-npm-cache-httpsync-0-0-8-package tar://C:\Users\utkarsh.goel\AppData\Roaming\npm-cache\httpsync\0.0.8\package
85 verbose lock tar://C:\Users\utkarsh.goel\AppData\Roaming\npm-cache\httpsync\0.0.8\package C:\Users\utkarsh.goel\AppData\Roaming\npm-cache\8239ec5f-npm-cache-httpsync-0-0-8-package.lock
86 silly lockFile 4cd8044a-cache-httpsync-0-0-8-package-tgz tar://C:\Users\utkarsh.goel\AppData\Roaming\npm-cache\httpsync\0.0.8\package.tgz
87 verbose lock tar://C:\Users\utkarsh.goel\AppData\Roaming\npm-cache\httpsync\0.0.8\package.tgz C:\Users\utkarsh.goel\AppData\Roaming\npm-cache\4cd8044a-cache-httpsync-0-0-8-package-tgz.lock
88 silly gunzTarPerm modes [ '755', '644' ]
89 silly gunzTarPerm extractEntry package.json
90 silly gunzTarPerm modified mode [ 'package.json', 438, 420 ]
91 silly gunzTarPerm extractEntry .npmignore
92 silly gunzTarPerm modified mode [ '.npmignore', 438, 420 ]
93 silly gunzTarPerm extractEntry README.md
94 silly gunzTarPerm modified mode [ 'README.md', 438, 420 ]
95 silly gunzTarPerm extractEntry index.js
96 silly gunzTarPerm modified mode [ 'index.js', 438, 420 ]
97 silly gunzTarPerm extractEntry Makefile
98 silly gunzTarPerm modified mode [ 'Makefile', 438, 420 ]
99 silly gunzTarPerm extractEntry wscript
100 silly gunzTarPerm modified mode [ 'wscript', 438, 420 ]
101 silly gunzTarPerm extractEntry TODO
102 silly gunzTarPerm modified mode [ 'TODO', 438, 420 ]
103 silly gunzTarPerm extractEntry binding.gyp
104 silly gunzTarPerm modified mode [ 'binding.gyp', 438, 420 ]
105 silly gunzTarPerm extractEntry .travis.yml
106 silly gunzTarPerm modified mode [ '.travis.yml', 438, 420 ]
107 silly gunzTarPerm extractEntry example/upload_file.js
108 silly gunzTarPerm modified mode [ 'example/upload_file.js', 438, 420 ]
109 silly gunzTarPerm extractEntry AUTHORS
110 silly gunzTarPerm modified mode [ 'AUTHORS', 438, 420 ]
111 silly gunzTarPerm extractEntry link.sh
112 silly gunzTarPerm modified mode [ 'link.sh', 438, 420 ]
113 silly gunzTarPerm extractEntry History.md
114 silly gunzTarPerm modified mode [ 'History.md', 438, 420 ]
115 silly gunzTarPerm extractEntry src/curl.cc
116 silly gunzTarPerm modified mode [ 'src/curl.cc', 438, 420 ]
117 silly gunzTarPerm extractEntry src/curl.h
118 silly gunzTarPerm modified mode [ 'src/curl.h', 438, 420 ]
119 silly gunzTarPerm extractEntry src/main.cc
120 silly gunzTarPerm modified mode [ 'src/main.cc', 438, 420 ]
121 silly gunzTarPerm extractEntry src/request.cc
122 silly gunzTarPerm modified mode [ 'src/request.cc', 438, 420 ]
123 silly gunzTarPerm extractEntry test/curl.js
124 silly gunzTarPerm modified mode [ 'test/curl.js', 438, 420 ]
125 silly gunzTarPerm extractEntry test/mocha.opts
126 silly gunzTarPerm modified mode [ 'test/mocha.opts', 438, 420 ]
127 silly gunzTarPerm extractEntry test/support/echo.js
128 silly gunzTarPerm modified mode [ 'test/support/echo.js', 438, 420 ]
129 silly gunzTarPerm extractEntry build.sh
130 silly gunzTarPerm modified mode [ 'build.sh', 438, 420 ]
131 silly lockFile 8239ec5f-npm-cache-httpsync-0-0-8-package tar://C:\Users\utkarsh.goel\AppData\Roaming\npm-cache\httpsync\0.0.8\package
132 silly lockFile 8239ec5f-npm-cache-httpsync-0-0-8-package tar://C:\Users\utkarsh.goel\AppData\Roaming\npm-cache\httpsync\0.0.8\package
133 silly lockFile 4cd8044a-cache-httpsync-0-0-8-package-tgz tar://C:\Users\utkarsh.goel\AppData\Roaming\npm-cache\httpsync\0.0.8\package.tgz
134 silly lockFile 4cd8044a-cache-httpsync-0-0-8-package-tgz tar://C:\Users\utkarsh.goel\AppData\Roaming\npm-cache\httpsync\0.0.8\package.tgz
135 verbose chmod C:\Users\utkarsh.goel\AppData\Roaming\npm-cache\httpsync\0.0.8\package.tgz 644
136 silly chown skipping for windows C:\Users\utkarsh.goel\AppData\Roaming\npm-cache\httpsync\0.0.8\package.tgz
137 silly lockFile 553adfde--org-httpsync-httpsync-0-0-8-tgz https://registry.npmjs.org/httpsync/-/httpsync-0.0.8.tgz
138 silly lockFile 553adfde--org-httpsync-httpsync-0-0-8-tgz https://registry.npmjs.org/httpsync/-/httpsync-0.0.8.tgz
139 silly lockFile d0d8c59d-httpsync-0-0-8 httpsync@0.0.8
140 silly lockFile d0d8c59d-httpsync-0-0-8 httpsync@0.0.8
141 silly lockFile 202468d7-httpsync httpsync@
142 silly lockFile 202468d7-httpsync httpsync@
143 silly resolved [ { name: 'httpsync',
143 silly resolved     version: '0.0.8',
143 silly resolved     scripts: { install: 'sh build.sh', test: 'make test' },
143 silly resolved     description: '`httpsync` is a port of libcurl to node.js. Its interface emulates the  `http` module of node.js. But in contrast to `http` module\'s asynchronous functions, `httpsync` provides the equivalent synchronous APIs.',
143 silly resolved     main: 'index.js',
143 silly resolved     directories: { test: 'test' },
143 silly resolved     homepage: 'https://github.com/fengmk2/node-curl',
143 silly resolved     repository: { type: 'git', url: 'git://github.com/fengmk2/node-curl.git' },
143 silly resolved     keywords: [ 'curl', 'sync', 'http' ],
143 silly resolved     devDependencies:
143 silly resolved      { contributors: '*',
143 silly resolved        should: '*',
143 silly resolved        mocha: '*',
143 silly resolved        'form-data': '0.0.3' },
143 silly resolved     author: { name: 'zcbenz' },
143 silly resolved     license: 'MIT',
143 silly resolved     contributors: [ [Object], [Object], [Object] ],
143 silly resolved     readme: '# httpsync\n\n[![Build Status](https://secure.travis-ci.org/fengmk2/node-curl.png)](http://travis-ci.org/fengmk2/node-curl)\n\n`httpsync` is a port of libcurl to node.js. Its interface emulates the\n`http` module of node.js. But in contrast to `http` module\'s asynchronous\nfunctions, node-curl provides the equivalent synchronous APIs.\n\n## Install\n\n* required libcurl: http://curl.haxx.se/libcurl/\n\n```bash\n$ npm install httpsync\n```\n\n## APIs\n\n### httpsync.request(options)\n \n Options:\n\n - `url`             (required) The url to GET/POST, such as "http://host:80/index.php", just like what you input in the browser.\n - `method`          `GET`, `POST` or `HEAD` or any other valid request. And even `FUCK` if your server supports it.\n - `headers`         Custom headers to be sent. \n - `useragent`       The User Agent string\n - `timeout`         Maximum time in seconds that you allow the libcurl transfer operation to take.\n - `connectTimeout`  Maximum time in seconds that you allow the connection to the server to take.\n - `debug`           `httpsync` will print debug informations is set to true\n\n Example\n\n```javascript\nvar httpsync = require(\'httpsync\');\nvar req = httpsync.request({\n  url: "http://cnodejs.org",\n  method: "GET",\n  useragent: "Ultimate Web Browser",\n  headers: {\n    Tag: "TGB3123",\n    String: "A long string"\n  }\n});\n```\n\n### httpsync.get([options | url])\n\n It\'s equivalent to `curl.request` but the method is default to `GET`.\n\n And you can have\n\n```javascript\nvar httpsync = require(\'httpsync\');\nvar req = httpsync.get({ url : "http://cnodejs.org"});\nvar res = req.end();\nconsole.log(res);\n```\n\n Or just straight forward\n\n```javascript\nvar httpsync = require(\'httpsync\');\nvar req = httpsync.get("http://cnodejs.org");\n```\n\n### request.write(chunk)\n \n Write a chunk of data to the request. The type of data can be String or Buffer.\n\n### request.end([chunk])\n\n Send the request and get response.\n\n Example\n\n```javascript\nvar req = curl.request({\n  url: "http://cnodejs.org",\n  method: "POST"\n});\nreq.write("Some text\\n");\nreq.write("another text");\nconsole.log(req.end());\n```\n\n### request.endFile(filePath)\n\n Send a file directly. The method will default to `PUT`.\n\n Example\n\n```javascript\nvar req = curl.request({\n  url: "http://cnodejs.org",\n});\nreq.endFile("/etc/passwd");\n```\n\n### response\n\n The response Object is what you get after req.end (), it has following\n fields:\n\n - `data`        A Buffer that stores data sent by server.\n - `headers`     Complete response headers, even contains those custom ones.\n - `ip`          IP address of the server.\n - `statusCode`  Status code that sent by server.\n\n## Contributors\n\nThanks goes to the people who have contributed code to this module, see the [GitHub Contributors page](https://github.com/fengmk2/node-curl/graphs/contributors).\n\nBelow is the output from `git-summary`\n\n```\n project: node-curl\n commits: 33\n active : 8 days\n files  : 24\n authors: \n    21  赵成                  63.6%\n    12  fengmk2                 36.4%\n```\n\n## License \n\n(The MIT License)\n\nCopyright (c) 2012 fengmk2 &lt;fengmk2@gmail.com&gt;\nCopyright (c) 2012 zcbenz https://github.com/zcbenz\n\nPermission is hereby granted, free of charge, to any person obtaining\na copy of this software and associated documentation files (the\n\'Software\'), to deal in the Software without restriction, including\nwithout limitation the rights to use, copy, modify, merge, publish,\ndistribute, sublicense, and/or sell copies of the Software, and to\npermit persons to whom the Software is furnished to do so, subject to\nthe following conditions:\n\nThe above copyright notice and this permission notice shall be\nincluded in all copies or substantial portions of the Software.\n\nTHE SOFTWARE IS PROVIDED \'AS IS\', WITHOUT WARRANTY OF ANY KIND,\nEXPRESS OR IMPLIED, INCLUDING BUT NOT LIMITED TO THE WARRANTIES OF\nMERCHANTABILITY, FITNESS FOR A PARTICULAR PURPOSE AND NONINFRINGEMENT.\nIN NO EVENT SHALL THE AUTHORS OR COPYRIGHT HOLDERS BE LIABLE FOR ANY\nCLAIM, DAMAGES OR OTHER LIABILITY, WHETHER IN AN ACTION OF CONTRACT,\nTORT OR OTHERWISE, ARISING FROM, OUT OF OR IN CONNECTION WITH THE\nSOFTWARE OR THE USE OR OTHER DEALINGS IN THE SOFTWARE.\n',
143 silly resolved     readmeFilename: 'README.md',
143 silly resolved     bugs: { url: 'https://github.com/fengmk2/node-curl/issues' },
143 silly resolved     _id: 'httpsync@0.0.8',
143 silly resolved     dist: { shasum: '8eb4181a3bffb53456787b0057c0da4c6f37ce47' },
143 silly resolved     _from: 'httpsync@',
143 silly resolved     _resolved: 'https://registry.npmjs.org/httpsync/-/httpsync-0.0.8.tgz' } ]
144 info install httpsync@0.0.8 into E:\Git\DNS-Proxy
145 info installOne httpsync@0.0.8
146 info E:\Git\DNS-Proxy\node_modules\httpsync unbuild
147 verbose tar unpack C:\Users\utkarsh.goel\AppData\Roaming\npm-cache\httpsync\0.0.8\package.tgz
148 silly lockFile ad26485b--DNS-Proxy-node-modules-httpsync tar://E:\Git\DNS-Proxy\node_modules\httpsync
149 verbose lock tar://E:\Git\DNS-Proxy\node_modules\httpsync C:\Users\utkarsh.goel\AppData\Roaming\npm-cache\ad26485b--DNS-Proxy-node-modules-httpsync.lock
150 silly lockFile 4cd8044a-cache-httpsync-0-0-8-package-tgz tar://C:\Users\utkarsh.goel\AppData\Roaming\npm-cache\httpsync\0.0.8\package.tgz
151 verbose lock tar://C:\Users\utkarsh.goel\AppData\Roaming\npm-cache\httpsync\0.0.8\package.tgz C:\Users\utkarsh.goel\AppData\Roaming\npm-cache\4cd8044a-cache-httpsync-0-0-8-package-tgz.lock
152 silly gunzTarPerm modes [ '755', '644' ]
153 silly gunzTarPerm extractEntry package.json
154 silly gunzTarPerm modified mode [ 'package.json', 438, 420 ]
155 silly gunzTarPerm extractEntry .npmignore
156 silly gunzTarPerm modified mode [ '.npmignore', 438, 420 ]
157 silly gunzTarPerm extractEntry README.md
158 silly gunzTarPerm modified mode [ 'README.md', 438, 420 ]
159 silly gunzTarPerm extractEntry index.js
160 silly gunzTarPerm modified mode [ 'index.js', 438, 420 ]
161 silly gunzTarPerm extractEntry Makefile
162 silly gunzTarPerm modified mode [ 'Makefile', 438, 420 ]
163 silly gunzTarPerm extractEntry wscript
164 silly gunzTarPerm modified mode [ 'wscript', 438, 420 ]
165 silly gunzTarPerm extractEntry TODO
166 silly gunzTarPerm modified mode [ 'TODO', 438, 420 ]
167 silly gunzTarPerm extractEntry binding.gyp
168 silly gunzTarPerm modified mode [ 'binding.gyp', 438, 420 ]
169 silly gunzTarPerm extractEntry .travis.yml
170 silly gunzTarPerm modified mode [ '.travis.yml', 438, 420 ]
171 silly gunzTarPerm extractEntry example/upload_file.js
172 silly gunzTarPerm modified mode [ 'example/upload_file.js', 438, 420 ]
173 silly gunzTarPerm extractEntry AUTHORS
174 silly gunzTarPerm modified mode [ 'AUTHORS', 438, 420 ]
175 silly gunzTarPerm extractEntry link.sh
176 silly gunzTarPerm modified mode [ 'link.sh', 438, 420 ]
177 silly gunzTarPerm extractEntry History.md
178 silly gunzTarPerm modified mode [ 'History.md', 438, 420 ]
179 silly gunzTarPerm extractEntry src/curl.cc
180 silly gunzTarPerm modified mode [ 'src/curl.cc', 438, 420 ]
181 silly gunzTarPerm extractEntry src/curl.h
182 silly gunzTarPerm modified mode [ 'src/curl.h', 438, 420 ]
183 silly gunzTarPerm extractEntry src/main.cc
184 silly gunzTarPerm modified mode [ 'src/main.cc', 438, 420 ]
185 silly gunzTarPerm extractEntry src/request.cc
186 silly gunzTarPerm modified mode [ 'src/request.cc', 438, 420 ]
187 silly gunzTarPerm extractEntry test/curl.js
188 silly gunzTarPerm modified mode [ 'test/curl.js', 438, 420 ]
189 silly gunzTarPerm extractEntry test/mocha.opts
190 silly gunzTarPerm modified mode [ 'test/mocha.opts', 438, 420 ]
191 silly gunzTarPerm extractEntry test/support/echo.js
192 silly gunzTarPerm modified mode [ 'test/support/echo.js', 438, 420 ]
193 silly gunzTarPerm extractEntry build.sh
194 silly gunzTarPerm modified mode [ 'build.sh', 438, 420 ]
195 silly lockFile ad26485b--DNS-Proxy-node-modules-httpsync tar://E:\Git\DNS-Proxy\node_modules\httpsync
196 silly lockFile ad26485b--DNS-Proxy-node-modules-httpsync tar://E:\Git\DNS-Proxy\node_modules\httpsync
197 silly lockFile 4cd8044a-cache-httpsync-0-0-8-package-tgz tar://C:\Users\utkarsh.goel\AppData\Roaming\npm-cache\httpsync\0.0.8\package.tgz
198 silly lockFile 4cd8044a-cache-httpsync-0-0-8-package-tgz tar://C:\Users\utkarsh.goel\AppData\Roaming\npm-cache\httpsync\0.0.8\package.tgz
199 info preinstall httpsync@0.0.8
200 verbose readDependencies using package.json deps
201 verbose readDependencies using package.json deps
202 silly resolved []
203 verbose about to build E:\Git\DNS-Proxy\node_modules\httpsync
204 info build E:\Git\DNS-Proxy\node_modules\httpsync
205 verbose linkStuff [ false, false, false, 'E:\\Git\\DNS-Proxy\\node_modules' ]
206 info linkStuff httpsync@0.0.8
207 verbose linkBins httpsync@0.0.8
208 verbose linkMans httpsync@0.0.8
209 verbose rebuildBundles httpsync@0.0.8
210 info install httpsync@0.0.8
211 verbose unsafe-perm in lifecycle true
212 info httpsync@0.0.8 Failed to exec install script
213 info E:\Git\DNS-Proxy\node_modules\httpsync unbuild
214 info preuninstall httpsync@0.0.8
215 info uninstall httpsync@0.0.8
216 verbose true,E:\Git\DNS-Proxy\node_modules,E:\Git\DNS-Proxy\node_modules unbuild httpsync@0.0.8
217 info postuninstall httpsync@0.0.8
218 error httpsync@0.0.8 install: `sh build.sh`
218 error Exit status 1
219 error Failed at the httpsync@0.0.8 install script.
219 error This is most likely a problem with the httpsync package,
219 error not with npm itself.
219 error Tell the author that this fails on your system:
219 error     sh build.sh
219 error You can get their info via:
219 error     npm owner ls httpsync
219 error There is likely additional logging output above.
220 error System Windows_NT 6.2.9200
221 error command "C:\\Program Files (x86)\\nodejs\\\\node.exe" "C:\\Program Files (x86)\\nodejs\\node_modules\\npm\\bin\\npm-cli.js" "install" "httpsync"
222 error cwd E:\Git\DNS-Proxy
223 error node -v v0.10.26
224 error npm -v 1.4.3
225 error code ELIFECYCLE
226 verbose exit [ 1, true ]
